Построение начато 26.03.2018 14:37:59.
     1>Проект "C:\Users\Романн\Desktop\Codeblocs\Рома\pp3\pp3\pp3.vcxproj" в узле 2 (целевые объекты build).
     1>InitializeBuildStatus:
         Обращение к "Debug\pp3.unsuccessfulbuild".
       ClCompile:
         Для всех выходных данных обновления не требуется.
         C:\Program Files (x86)\Microsoft Visual Studio 10.0\VC\bin\CL.exe /c /ZI /nologo /W3 /WX- /Od /Oy- /D WIN32 /D _DEBUG /D _CONSOLE /D _UNICODE /D UNICODE /Gm /EHsc /RTC1 /MDd /GS /fp:precise /Zc:wchar_t /Zc:forScope /Yu"StdAfx.h" /Fp"Debug\pp3.pch" /Fo"Debug\\" /Fd"Debug\vc100.pdb" /Gd /TP /analyze- /errorReport:prompt pp3.cpp
         pp3.cpp
     1>c:\users\романн\desktop\codeblocs\рома\pp3\pp3\pp3.cpp(140): warning C4101: buf: неиспользованная локальная переменная
       ManifestResourceCompile:
         C:\Program Files (x86)\Microsoft SDKs\Windows\v7.0A\bin\rc.exe /nologo /fo"Debug\pp3.exe.embed.manifest.res" Debug\pp3_manifest.rc 
       Link:
         C:\Program Files (x86)\Microsoft Visual Studio 10.0\VC\bin\link.exe /ERRORREPORT:PROMPT /OUT:"C:\Users\Романн\Desktop\Codeblocs\Рома\pp3\Debug\pp3.exe" /INCREMENTAL /NOLOGO kernel32.lib user32.lib gdi32.lib winspool.lib comdlg32.lib advapi32.lib shell32.lib ole32.lib oleaut32.lib uuid.lib odbc32.lib odbccp32.lib /MANIFEST /ManifestFile:"Debug\pp3.exe.intermediate.manifest" /MANIFESTUAC:"level='asInvoker' uiAccess='false'" /DEBUG /PDB:"C:\Users\Романн\Desktop\Codeblocs\Рома\pp3\Debug\pp3.pdb" /SUBSYSTEM:CONSOLE /TLBID:1 /DYNAMICBASE /NXCOMPAT /IMPLIB:"C:\Users\Романн\Desktop\Codeblocs\Рома\pp3\Debug\pp3.lib" /MACHINE:X86 Debug\pp3.exe.embed.manifest.res
         Debug\pp3.obj
         Debug\stdafx.obj
       Manifest:
         C:\Program Files (x86)\Microsoft SDKs\Windows\v7.0A\bin\mt.exe /nologo /verbose /out:"Debug\pp3.exe.embed.manifest" /manifest Debug\pp3.exe.intermediate.manifest
         C:\Program Files (x86)\Microsoft SDKs\Windows\v7.0A\bin\rc.exe /nologo /fo"Debug\pp3.exe.embed.manifest.res" Debug\pp3_manifest.rc 
       LinkEmbedManifest:
         C:\Program Files (x86)\Microsoft Visual Studio 10.0\VC\bin\link.exe /ERRORREPORT:PROMPT /OUT:"C:\Users\Романн\Desktop\Codeblocs\Рома\pp3\Debug\pp3.exe" /INCREMENTAL /NOLOGO kernel32.lib user32.lib gdi32.lib winspool.lib comdlg32.lib advapi32.lib shell32.lib ole32.lib oleaut32.lib uuid.lib odbc32.lib odbccp32.lib /MANIFEST /ManifestFile:"Debug\pp3.exe.intermediate.manifest" /MANIFESTUAC:"level='asInvoker' uiAccess='false'" /DEBUG /PDB:"C:\Users\Романн\Desktop\Codeblocs\Рома\pp3\Debug\pp3.pdb" /SUBSYSTEM:CONSOLE /TLBID:1 /DYNAMICBASE /NXCOMPAT /IMPLIB:"C:\Users\Романн\Desktop\Codeblocs\Рома\pp3\Debug\pp3.lib" /MACHINE:X86 Debug\pp3.exe.embed.manifest.res
         Debug\pp3.obj
         Debug\stdafx.obj
         pp3.vcxproj -> C:\Users\Романн\Desktop\Codeblocs\Рома\pp3\Debug\pp3.exe
       FinalizeBuildStatus:
         Файл "Debug\pp3.unsuccessfulbuild" удаляется.
         Обращение к "Debug\pp3.lastbuildstate".
     1>Построение проекта "C:\Users\Романн\Desktop\Codeblocs\Рома\pp3\pp3\pp3.vcxproj" завершено (целевые объекты build).

Построение успешно завершено.

Затраченное время: 00:00:01.53
